<?xml version="1.0" encoding="UTF-8"?>
<!-- Generated by org.testng.reporters.JUnitXMLReporter -->
<testsuite ignored="0" hostname="Moulouds-MBP.fios-router.home" failures="1" tests="28" name="Test" time="2.766" errors="0" timestamp="09 May 2020 16:28:38 GMT">
  <testcase classname="tests.TestOne" name="@AfterMethod afterMethod" time="0.0">
    <failure type="java.lang.NullPointerException">
      <![CDATA[java.lang.NullPointerException
	at GuiLibs.GuiTools.getAllWindows(GuiTools.java:412)
	at GuiLibs.GuiTools.closeBrowser(GuiTools.java:258)
	at tests.TestOne.afterMethod(TestOne.java:165)
	at tests.TestOne.main(TestOne.java:105)
... Removed 24 stack frames]]>
    </failure>
  </testcase> <!-- @AfterMethod afterMethod -->
  <testcase classname="tests.TestOne" name="@BeforeMethod beforeMethod" time="0.0">
    <skipped/>
  </testcase> <!-- @BeforeMethod beforeMethod -->
  <testcase classname="tests.TestOne" name="@AfterMethod afterMethod" time="0.0">
    <skipped/>
  </testcase> <!-- @AfterMethod afterMethod -->
  <testcase classname="tests.TestOne" name="@BeforeMethod beforeMethod" time="0.0">
    <skipped/>
  </testcase> <!-- @BeforeMethod beforeMethod -->
  <testcase classname="tests.TestOne" name="@AfterMethod afterMethod" time="0.0">
    <skipped/>
  </testcase> <!-- @AfterMethod afterMethod -->
  <testcase classname="tests.TestOne" name="@BeforeMethod beforeMethod" time="0.0">
    <skipped/>
  </testcase> <!-- @BeforeMethod beforeMethod -->
  <testcase classname="tests.TestOne" name="@AfterMethod afterMethod" time="0.0">
    <skipped/>
  </testcase> <!-- @AfterMethod afterMethod -->
  <testcase classname="tests.TestOne" name="@BeforeMethod beforeMethod" time="0.0">
    <skipped/>
  </testcase> <!-- @BeforeMethod beforeMethod -->
  <testcase classname="tests.TestOne" name="@AfterMethod afterMethod" time="0.0">
    <skipped/>
  </testcase> <!-- @AfterMethod afterMethod -->
  <testcase classname="tests.TestOne" name="@BeforeMethod beforeMethod" time="0.0">
    <skipped/>
  </testcase> <!-- @BeforeMethod beforeMethod -->
  <testcase classname="tests.TestOne" name="@AfterMethod afterMethod" time="0.0">
    <skipped/>
  </testcase> <!-- @AfterMethod afterMethod -->
  <testcase classname="tests.TestOne" name="@BeforeMethod beforeMethod" time="0.0">
    <skipped/>
  </testcase> <!-- @BeforeMethod beforeMethod -->
  <testcase classname="tests.TestOne" name="@AfterMethod afterMethod" time="0.0">
    <skipped/>
  </testcase> <!-- @AfterMethod afterMethod -->
  <testcase classname="tests.TestOne" name="@BeforeMethod beforeMethod" time="0.0">
    <skipped/>
  </testcase> <!-- @BeforeMethod beforeMethod -->
  <testcase classname="tests.TestOne" name="@AfterMethod afterMethod" time="0.0">
    <skipped/>
  </testcase> <!-- @AfterMethod afterMethod -->
  <testcase classname="tests.TestOne" name="@BeforeMethod beforeMethod" time="0.0">
    <skipped/>
  </testcase> <!-- @BeforeMethod beforeMethod -->
  <testcase classname="tests.TestOne" name="@AfterMethod afterMethod" time="0.0">
    <skipped/>
  </testcase> <!-- @AfterMethod afterMethod -->
  <testcase classname="tests.TestOne" name="@BeforeMethod beforeMethod" time="0.0">
    <skipped/>
  </testcase> <!-- @BeforeMethod beforeMethod -->
  <testcase classname="tests.TestOne" name="@AfterMethod afterMethod" time="0.0">
    <skipped/>
  </testcase> <!-- @AfterMethod afterMethod -->
  <testcase classname="tests.TestOne" name="@BeforeMethod beforeMethod" time="0.0">
    <skipped/>
  </testcase> <!-- @BeforeMethod beforeMethod -->
  <testcase classname="tests.TestOne" name="@AfterMethod afterMethod" time="0.0">
    <skipped/>
  </testcase> <!-- @AfterMethod afterMethod -->
  <testcase classname="tests.TestOne" name="@BeforeMethod beforeMethod" time="0.0">
    <skipped/>
  </testcase> <!-- @BeforeMethod beforeMethod -->
  <testcase classname="tests.TestOne" name="@AfterMethod afterMethod" time="0.0">
    <skipped/>
  </testcase> <!-- @AfterMethod afterMethod -->
  <testcase classname="tests.TestOne" name="@BeforeMethod beforeMethod" time="0.0">
    <skipped/>
  </testcase> <!-- @BeforeMethod beforeMethod -->
  <testcase classname="tests.TestOne" name="@AfterMethod afterMethod" time="0.0">
    <skipped/>
  </testcase> <!-- @AfterMethod afterMethod -->
  <testcase classname="tests.TestOne" name="@BeforeMethod beforeMethod" time="0.0">
    <skipped/>
  </testcase> <!-- @BeforeMethod beforeMethod -->
  <testcase classname="tests.TestOne" name="@AfterMethod afterMethod" time="0.0">
    <skipped/>
  </testcase> <!-- @AfterMethod afterMethod -->
  <testcase classname="tests.TestOne" name="@BeforeMethod beforeMethod" time="0.0">
    <skipped/>
  </testcase> <!-- @BeforeMethod beforeMethod -->
  <testcase classname="tests.TestOne" name="@AfterMethod afterMethod" time="0.0">
    <skipped/>
  </testcase> <!-- @AfterMethod afterMethod -->
  <testcase classname="tests.TestOne" name="@BeforeMethod beforeMethod" time="0.0">
    <skipped/>
  </testcase> <!-- @BeforeMethod beforeMethod -->
  <testcase classname="tests.TestOne" name="@AfterMethod afterMethod" time="0.0">
    <skipped/>
  </testcase> <!-- @AfterMethod afterMethod -->
  <testcase classname="tests.TestOne" name="@BeforeMethod beforeMethod" time="0.0">
    <skipped/>
  </testcase> <!-- @BeforeMethod beforeMethod -->
  <testcase classname="tests.TestOne" name="@AfterMethod afterMethod" time="0.0">
    <skipped/>
  </testcase> <!-- @AfterMethod afterMethod -->
  <testcase classname="tests.TestOne" name="@BeforeMethod beforeMethod" time="0.0">
    <skipped/>
  </testcase> <!-- @BeforeMethod beforeMethod -->
  <testcase classname="tests.TestOne" name="@AfterMethod afterMethod" time="0.0">
    <skipped/>
  </testcase> <!-- @AfterMethod afterMethod -->
  <testcase classname="tests.TestOne" name="@BeforeMethod beforeMethod" time="0.0">
    <skipped/>
  </testcase> <!-- @BeforeMethod beforeMethod -->
  <testcase classname="tests.TestOne" name="@AfterMethod afterMethod" time="0.0">
    <skipped/>
  </testcase> <!-- @AfterMethod afterMethod -->
  <testcase classname="tests.TestOne" name="@BeforeMethod beforeMethod" time="0.0">
    <skipped/>
  </testcase> <!-- @BeforeMethod beforeMethod -->
  <testcase classname="tests.TestOne" name="@AfterMethod afterMethod" time="0.0">
    <skipped/>
  </testcase> <!-- @AfterMethod afterMethod -->
  <testcase classname="tests.TestOne" name="@BeforeMethod beforeMethod" time="0.0">
    <skipped/>
  </testcase> <!-- @BeforeMethod beforeMethod -->
  <testcase classname="tests.TestOne" name="@AfterMethod afterMethod" time="0.0">
    <skipped/>
  </testcase> <!-- @AfterMethod afterMethod -->
  <testcase classname="tests.TestOne" name="@BeforeMethod beforeMethod" time="0.0">
    <skipped/>
  </testcase> <!-- @BeforeMethod beforeMethod -->
  <testcase classname="tests.TestOne" name="@AfterMethod afterMethod" time="0.0">
    <skipped/>
  </testcase> <!-- @AfterMethod afterMethod -->
  <testcase classname="tests.TestOne" name="@BeforeMethod beforeMethod" time="0.0">
    <skipped/>
  </testcase> <!-- @BeforeMethod beforeMethod -->
  <testcase classname="tests.TestOne" name="@AfterMethod afterMethod" time="0.0">
    <skipped/>
  </testcase> <!-- @AfterMethod afterMethod -->
  <testcase classname="tests.TestOne" name="@BeforeMethod beforeMethod" time="0.0">
    <skipped/>
  </testcase> <!-- @BeforeMethod beforeMethod -->
  <testcase classname="tests.TestOne" name="@AfterMethod afterMethod" time="0.0">
    <skipped/>
  </testcase> <!-- @AfterMethod afterMethod -->
  <testcase classname="tests.TestOne" name="@BeforeMethod beforeMethod" time="0.0">
    <skipped/>
  </testcase> <!-- @BeforeMethod beforeMethod -->
  <testcase classname="tests.TestOne" name="@AfterMethod afterMethod" time="0.0">
    <skipped/>
  </testcase> <!-- @AfterMethod afterMethod -->
  <testcase classname="tests.TestOne" name="@BeforeMethod beforeMethod" time="0.0">
    <skipped/>
  </testcase> <!-- @BeforeMethod beforeMethod -->
  <testcase classname="tests.TestOne" name="@AfterMethod afterMethod" time="0.0">
    <skipped/>
  </testcase> <!-- @AfterMethod afterMethod -->
  <testcase classname="tests.TestOne" name="@BeforeMethod beforeMethod" time="0.0">
    <skipped/>
  </testcase> <!-- @BeforeMethod beforeMethod -->
  <testcase classname="tests.TestOne" name="@AfterMethod afterMethod" time="0.0">
    <skipped/>
  </testcase> <!-- @AfterMethod afterMethod -->
  <testcase classname="tests.TestOne" name="@BeforeMethod beforeMethod" time="0.0">
    <skipped/>
  </testcase> <!-- @BeforeMethod beforeMethod -->
  <testcase classname="tests.TestOne" name="@AfterMethod afterMethod" time="0.0">
    <skipped/>
  </testcase> <!-- @AfterMethod afterMethod -->
  <testcase classname="tests.TestOne" name="@AfterClass afterClass" time="0.0">
    <skipped/>
  </testcase> <!-- @AfterClass afterClass -->
  <testcase classname="tests.TestOne" name="CVD_Align_With_AD" time="2.621">
    <failure type="java.lang.AssertionError" message="CVD_Align_With_AD: ">
      <![CDATA[java.lang.AssertionError: CVD_Align_With_AD: 
	at GuiLibs.GuiTools.failTestSuite(GuiTools.java:483)
	at tests.TestOne.createNewPetition(TestOne.java:5149)
	at tests.TestOne.CVD_Align_With_AD(TestOne.java:187)
	at tests.TestOne.main(TestOne.java:105)
... Removed 23 stack frames]]>
    </failure>
  </testcase> <!-- CVD_Align_With_AD -->
  <testcase classname="tests.TestOne" name="Litigation_Dates_Validation" time="0.0">
    <skipped/>
  </testcase> <!-- Litigation_Dates_Validation -->
  <testcase classname="tests.TestOne" name="Self_Initiated_Petition_Investigation_Dates" time="0.0">
    <skipped/>
  </testcase> <!-- Self_Initiated_Petition_Investigation_Dates -->
  <testcase classname="tests.TestOne" name="Align_NSR_To_AR" time="0.0">
    <skipped/>
  </testcase> <!-- Align_NSR_To_AR -->
  <testcase classname="tests.TestOne" name="Petition_Status_Validation" time="0.0">
    <skipped/>
  </testcase> <!-- Petition_Status_Validation -->
  <testcase classname="tests.TestOne" name="Investigation_Status_Validation" time="0.0">
    <skipped/>
  </testcase> <!-- Investigation_Status_Validation -->
  <testcase classname="tests.TestOne" name="Admin_Review_Status_Validation" time="0.0">
    <skipped/>
  </testcase> <!-- Admin_Review_Status_Validation -->
  <testcase classname="tests.TestOne" name="Expedited_Review_Status_Validation" time="0.0">
    <skipped/>
  </testcase> <!-- Expedited_Review_Status_Validation -->
  <testcase classname="tests.TestOne" name="New_Shipper_Review_Status_Validation" time="0.0">
    <skipped/>
  </testcase> <!-- New_Shipper_Review_Status_Validation -->
  <testcase classname="tests.TestOne" name="Changed_Circumstance_Review_Status_Validation" time="0.0">
    <skipped/>
  </testcase> <!-- Changed_Circumstance_Review_Status_Validation -->
  <testcase classname="tests.TestOne" name="Anticircumvention_Status_Validation" time="0.001">
    <skipped/>
  </testcase> <!-- Anticircumvention_Status_Validation -->
  <testcase classname="tests.TestOne" name="Scope_Status_Validation" time="0.0">
    <skipped/>
  </testcase> <!-- Scope_Status_Validation -->
  <testcase classname="tests.TestOne" name="Sunset_Status_Validation" time="0.0">
    <skipped/>
  </testcase> <!-- Sunset_Status_Validation -->
  <testcase classname="tests.TestOne" name="Remand_Status_Validation" time="0.0">
    <skipped/>
  </testcase> <!-- Remand_Status_Validation -->
  <testcase classname="tests.TestOne" name="International_Litigation_Status_Validation" time="0.0">
    <skipped/>
  </testcase> <!-- International_Litigation_Status_Validation -->
  <testcase classname="tests.TestOne" name="Create_Adcvd_Case" time="0.0">
    <skipped/>
  </testcase> <!-- Create_Adcvd_Case -->
  <testcase classname="tests.TestOne" name="Create_And_Validate_Petition" time="0.0">
    <skipped/>
  </testcase> <!-- Create_And_Validate_Petition -->
  <testcase classname="tests.TestOne" name="Create_And_Validate_Investigation" time="0.0">
    <skipped/>
  </testcase> <!-- Create_And_Validate_Investigation -->
  <testcase classname="tests.TestOne" name="Create_Order" time="0.0">
    <skipped/>
  </testcase> <!-- Create_Order -->
  <testcase classname="tests.TestOne" name="Create_And_Validate_Segment_Administrative_Review" time="0.0">
    <skipped/>
  </testcase> <!-- Create_And_Validate_Segment_Administrative_Review -->
  <testcase classname="tests.TestOne" name="Create_And_Validate_Segment_Anti_Circumvention_Review" time="0.0">
    <skipped/>
  </testcase> <!-- Create_And_Validate_Segment_Anti_Circumvention_Review -->
  <testcase classname="tests.TestOne" name="Create_And_Validate_Segment_Changed_Circumstances_Review" time="0.0">
    <skipped/>
  </testcase> <!-- Create_And_Validate_Segment_Changed_Circumstances_Review -->
  <testcase classname="tests.TestOne" name="Create_And_Validate_Segment_Expedited_Review" time="0.0">
    <skipped/>
  </testcase> <!-- Create_And_Validate_Segment_Expedited_Review -->
  <testcase classname="tests.TestOne" name="Create_And_Validate_Segment_New_Shipper_Review" time="0.0">
    <skipped/>
  </testcase> <!-- Create_And_Validate_Segment_New_Shipper_Review -->
  <testcase classname="tests.TestOne" name="Create_And_Validate_Segment_Scope_Inquiry" time="0.0">
    <skipped/>
  </testcase> <!-- Create_And_Validate_Segment_Scope_Inquiry -->
  <testcase classname="tests.TestOne" name="Create_And_Validate_Segment_Sunset_Review" time="0.0">
    <skipped/>
  </testcase> <!-- Create_And_Validate_Segment_Sunset_Review -->
  <testcase classname="tests.TestOne" name="Create_And_Validate_International_Litigation" time="0.0">
    <skipped/>
  </testcase> <!-- Create_And_Validate_International_Litigation -->
  <testcase classname="tests.TestOne" name="Create_And_Validate_Remand" time="0.001">
    <skipped/>
  </testcase> <!-- Create_And_Validate_Remand -->
</testsuite> <!-- Test -->
